{"contracts/BasicNft.sol":{"l":{"13":3,"17":5,"18":5,"19":5,"24":1,"28":3},"path":"/Users/pranavlakkadi/HH-FCC/HH-NFTS/contracts/BasicNft.sol","s":{"1":5,"2":5,"3":1,"4":3},"b":{},"f":{"1":3,"2":5,"3":1,"4":3},"fnMap":{"1":{"name":"constructor","line":12,"loc":{"start":{"line":12,"column":4},"end":{"line":14,"column":4}}},"2":{"name":"mintNft","line":16,"loc":{"start":{"line":16,"column":4},"end":{"line":20,"column":4}}},"3":{"name":"tokenURI","line":22,"loc":{"start":{"line":22,"column":4},"end":{"line":25,"column":4}}},"4":{"name":"getTokenCounter","line":27,"loc":{"start":{"line":27,"column":4},"end":{"line":29,"column":4}}}},"statementMap":{"1":{"start":{"line":17,"column":8},"end":{"line":17,"column":44}},"2":{"start":{"line":19,"column":8},"end":{"line":19,"column":29}},"3":{"start":{"line":24,"column":8},"end":{"line":24,"column":24}},"4":{"start":{"line":28,"column":8},"end":{"line":28,"column":29}}},"branchMap":{}},"contracts/RandomIpfsNft.sol":{"l":{"62":3,"63":3,"64":3,"65":3,"66":3,"67":3,"68":3,"72":10,"73":1,"75":9,"76":9,"77":9,"81":5,"82":5,"85":5,"93":5,"94":5,"95":5,"97":5,"98":5,"100":5,"104":2,"105":2,"106":2,"107":0,"112":7,"113":7,"114":7,"115":7,"116":20,"117":7,"119":13,"120":13,"133":0,"137":7,"141":1,"145":2,"149":2,"153":1},"path":"/Users/pranavlakkadi/HH-FCC/HH-NFTS/contracts/RandomIpfsNft.sol","s":{"1":10,"2":9,"3":5,"4":5,"5":5,"6":5,"7":5,"8":5,"9":5,"10":2,"11":2,"12":2,"13":7,"14":7,"15":7,"16":7,"17":20,"18":7,"19":7,"20":1,"21":2,"22":2,"23":1},"b":{"1":[1,9],"2":[2,1],"3":[0,2],"4":[7,13]},"f":{"1":3,"2":10,"3":5,"4":2,"5":7,"6":7,"7":1,"8":2,"9":2,"10":1},"fnMap":{"1":{"name":"constructor","line":61,"loc":{"start":{"line":53,"column":3},"end":{"line":69,"column":3}}},"2":{"name":"requestNft","line":71,"loc":{"start":{"line":71,"column":4},"end":{"line":78,"column":4}}},"3":{"name":"fulfillRandomWords","line":80,"loc":{"start":{"line":80,"column":4},"end":{"line":101,"column":4}}},"4":{"name":"withdraw","line":103,"loc":{"start":{"line":103,"column":4},"end":{"line":109,"column":4}}},"5":{"name":"getBreedFromModdedValue","line":111,"loc":{"start":{"line":111,"column":4},"end":{"line":134,"column":4}}},"6":{"name":"getChanceArray","line":136,"loc":{"start":{"line":136,"column":4},"end":{"line":138,"column":4}}},"7":{"name":"getMintFee","line":140,"loc":{"start":{"line":140,"column":4},"end":{"line":142,"column":4}}},"8":{"name":"getDogTokenUris","line":144,"loc":{"start":{"line":144,"column":4},"end":{"line":146,"column":4}}},"9":{"name":"getTokenCounter","line":148,"loc":{"start":{"line":148,"column":4},"end":{"line":150,"column":4}}},"10":{"name":"getVRFCoordinatorAddress","line":152,"loc":{"start":{"line":152,"column":4},"end":{"line":154,"column":4}}}},"statementMap":{"1":{"start":{"line":72,"column":8},"end":{"line":72,"column":2369}},"2":{"start":{"line":77,"column":8},"end":{"line":77,"column":47}},"3":{"start":{"line":81,"column":8},"end":{"line":81,"column":57}},"4":{"start":{"line":82,"column":8},"end":{"line":82,"column":43}},"5":{"start":{"line":85,"column":8},"end":{"line":85,"column":63}},"6":{"start":{"line":93,"column":8},"end":{"line":93,"column":61}},"7":{"start":{"line":97,"column":8},"end":{"line":97,"column":38}},"8":{"start":{"line":98,"column":8},"end":{"line":98,"column":66}},"9":{"start":{"line":100,"column":8},"end":{"line":100,"column":44}},"10":{"start":{"line":104,"column":8},"end":{"line":104,"column":46}},"11":{"start":{"line":105,"column":8},"end":{"line":105,"column":70}},"12":{"start":{"line":106,"column":8},"end":{"line":106,"column":3981}},"13":{"start":{"line":112,"column":8},"end":{"line":112,"column":33}},"14":{"start":{"line":113,"column":8},"end":{"line":113,"column":56}},"15":{"start":{"line":114,"column":8},"end":{"line":114,"column":54}},"16":{"start":{"line":115,"column":8},"end":{"line":115,"column":4314}},"17":{"start":{"line":116,"column":12},"end":{"line":116,"column":4374}},"18":{"start":{"line":117,"column":16},"end":{"line":117,"column":31}},"19":{"start":{"line":137,"column":8},"end":{"line":137,"column":39}},"20":{"start":{"line":141,"column":8},"end":{"line":141,"column":24}},"21":{"start":{"line":145,"column":8},"end":{"line":145,"column":36}},"22":{"start":{"line":149,"column":8},"end":{"line":149,"column":29}},"23":{"start":{"line":153,"column":8},"end":{"line":153,"column":33}}},"branchMap":{"1":{"line":72,"type":"if","locations":[{"start":{"line":72,"column":8},"end":{"line":72,"column":8}},{"start":{"line":72,"column":8},"end":{"line":72,"column":8}}]},"2":{"line":103,"type":"if","locations":[{"start":{"line":103,"column":31},"end":{"line":103,"column":31}},{"start":{"line":103,"column":31},"end":{"line":103,"column":31}}]},"3":{"line":106,"type":"if","locations":[{"start":{"line":106,"column":8},"end":{"line":106,"column":8}},{"start":{"line":106,"column":8},"end":{"line":106,"column":8}}]},"4":{"line":116,"type":"if","locations":[{"start":{"line":116,"column":12},"end":{"line":116,"column":12}},{"start":{"line":116,"column":12},"end":{"line":116,"column":12}}]}}},"contracts/test/VRFCoordinatorV2Mock.sol":{"l":{},"path":"/Users/pranavlakkadi/HH-FCC/HH-NFTS/contracts/test/VRFCoordinatorV2Mock.sol","s":{},"b":{},"f":{},"fnMap":{},"statementMap":{},"branchMap":{}}}