TN:
SF:/Users/pranavlakkadi/HH-FCC/HH-NFTS/contracts/BasicNft.sol
FN:12,constructor
FN:16,mintNft
FN:22,tokenURI
FN:27,getTokenCounter
FNF:4
FNH:4
FNDA:3,constructor
FNDA:5,mintNft
FNDA:1,tokenURI
FNDA:3,getTokenCounter
DA:13,3
DA:17,5
DA:18,5
DA:19,5
DA:24,1
DA:28,3
LF:6
LH:6
BRF:0
BRH:0
end_of_record
TN:
SF:/Users/pranavlakkadi/HH-FCC/HH-NFTS/contracts/RandomIpfsNft.sol
FN:61,constructor
FN:71,requestNft
FN:80,fulfillRandomWords
FN:103,withdraw
FN:111,getBreedFromModdedValue
FN:136,getChanceArray
FN:140,getMintFee
FN:144,getDogTokenUris
FN:148,getTokenCounter
FN:152,getVRFCoordinatorAddress
FNF:10
FNH:10
FNDA:3,constructor
FNDA:10,requestNft
FNDA:5,fulfillRandomWords
FNDA:2,withdraw
FNDA:7,getBreedFromModdedValue
FNDA:7,getChanceArray
FNDA:1,getMintFee
FNDA:2,getDogTokenUris
FNDA:2,getTokenCounter
FNDA:1,getVRFCoordinatorAddress
DA:62,3
DA:63,3
DA:64,3
DA:65,3
DA:66,3
DA:67,3
DA:68,3
DA:72,10
DA:73,1
DA:75,9
DA:76,9
DA:77,9
DA:81,5
DA:82,5
DA:85,5
DA:93,5
DA:94,5
DA:95,5
DA:97,5
DA:98,5
DA:100,5
DA:104,2
DA:105,2
DA:106,2
DA:107,0
DA:112,7
DA:113,7
DA:114,7
DA:115,7
DA:116,20
DA:117,7
DA:119,13
DA:120,13
DA:133,0
DA:137,7
DA:141,1
DA:145,2
DA:149,2
DA:153,1
LF:39
LH:37
BRDA:72,1,0,1
BRDA:72,1,1,9
BRDA:103,2,0,2
BRDA:103,2,1,1
BRDA:106,3,0,0
BRDA:106,3,1,2
BRDA:116,4,0,7
BRDA:116,4,1,13
BRF:8
BRH:7
end_of_record
TN:
SF:/Users/pranavlakkadi/HH-FCC/HH-NFTS/contracts/test/VRFCoordinatorV2Mock.sol
FNF:0
FNH:0
LF:0
LH:0
BRF:0
BRH:0
end_of_record
